<?xml version="1.0" encoding="UTF-8"?>
<!-- Generated by org.testng.reporters.JUnitXMLReporter -->
<testsuite ignored="0" hostname="barath" failures="1" tests="21" name="Test" time="0.136" errors="0" timestamp="2023-04-25T17:46:33 IST">
  <testcase classname="com.actitime.generic.ProjectModule" name="createProject" time="0.013"/>
  <testcase classname="com.actitime.generic.ProjectModule" name="modifyProject" time="0.002"/>
  <testcase classname="com.actitime.generic.ProjectModule" name="deleteProject" time="0.004"/>
  <testcase classname="com.actitime.generic.TaskModule" name="createTask" time="0.002"/>
  <testcase classname="com.actitime.generic.TaskModule" name="modifyTask" time="0.002"/>
  <testcase classname="com.actitime.generic.TaskModule" name="deleteTask" time="0.002"/>
  <testcase classname="com.actitime.generic.Invocationcount" name="demo" time="0.002"/>
  <testcase classname="com.actitime.generic.Invocationcount" name="demo" time="0.002"/>
  <testcase classname="com.actitime.generic.Invocationcount" name="demo" time="0.001"/>
  <testcase classname="com.actitime.generic.Invocationcount" name="demo" time="0.007"/>
  <testcase classname="com.actitime.generic.Invocationcount" name="demo" time="0.002"/>
  <testcase classname="com.actitime.generic.CustomerModule" name="createCustomer" time="0.004">
    <failure type="java.lang.AssertionError" message="null">
      <![CDATA[java.lang.AssertionError: null
at com.actitime.generic.CustomerModule.createCustomer(CustomerModule.java:13)
at java.base/java.util.ArrayList.forEach(ArrayList.java:1511)
... Removed 27 stack frames]]>
    </failure>
  </testcase> <!-- createCustomer -->
  <testcase classname="com.actitime.generic.CustomerModule" name="modifyCustomer" time="0.0">
    <skipped/>
  </testcase> <!-- modifyCustomer -->
  <testcase classname="com.actitime.generic.CustomerModule" name="deleteCustomer" time="0.0">
    <skipped/>
  </testcase> <!-- deleteCustomer -->
  <testcase classname="com.actitime.generic.Testng" name="demo1" time="0.001"/>
  <testcase classname="com.actitime.generic.Testng" name="demo2" time="0.001"/>
  <testcase classname="com.actitime.generic.Testng" name="demo" time="0.0"/>
  <testcase classname="com.actitime.generic.DependsOnMethods" name="createCustomer" time="0.001"/>
  <testcase classname="com.actitime.generic.DependsOnMethods" name="deleteCustomer" time="0.001"/>
  <testcase classname="com.actitime.generic.DependsOnMethods" name="modifyCustomer" time="0.0"/>
  <testcase classname="com.actitime.generic.DemoTestNg" name="demo" time="0.0"/>
</testsuite> <!-- Test -->
